# JRE version: OpenJDK Runtime Environment (8.0_152-b01) (build 1.8.0_152-release-1343-b01)
# Java VM: OpenJDK 64-Bit Server VM (25.152-b01 mixed mode bsd-amd64 compressed oops)
Heap:
 PSYoungGen      total 217088K, used 89616K [0x00000007a0000000, 0x00000007b1180000, 0x00000007c0000000)
  eden space 180736K, 30% used [0x00000007a0000000,0x00000007a35a13f8,0x00000007ab080000)
  from space 36352K, 95% used [0x00000007ab080000,0x00000007ad262fe8,0x00000007ad400000)
  to   space 39936K, 0% used [0x00000007aea80000,0x00000007aea80000,0x00000007b1180000)
 ParOldGen       total 274944K, used 43031K [0x0000000760000000, 0x0000000770c80000, 0x00000007a0000000)
  object space 274944K, 15% used [0x0000000760000000,0x0000000762a05c90,0x0000000770c80000)
 Metaspace       used 135017K, capacity 142788K, committed 142936K, reserved 1173504K
  class space    used 16905K, capacity 18236K, committed 18304K, reserved 1048576K
GC Heap History (10 events):
Event: 4188.064 GC heap before
{Heap before GC invocations=35 (full 4):
 PSYoungGen      total 227840K, used 219537K [0x00000007a0000000, 0x00000007b0700000, 0x00000007c0000000)
  eden space 197632K, 100% used [0x00000007a0000000,0x00000007ac100000,0x00000007ac100000)
  from space 30208K, 72% used [0x00000007ae980000,0x00000007afee47e0,0x00000007b0700000)
  to   space 35840K, 0% used [0x00000007ac100000,0x00000007ac100000,0x00000007ae400000)
 ParOldGen       total 274944K, used 42991K [0x0000000760000000, 0x0000000770c80000, 0x00000007a0000000)
  object space 274944K, 15% used [0x0000000760000000,0x00000007629fbc90,0x0000000770c80000)
 Metaspace       used 114904K, capacity 120514K, committed 120664K, reserved 1155072K
  class space    used 14414K, capacity 15429K, committed 15488K, reserved 1048576K
Event: 4188.105 GC heap after
Heap after GC invocations=35 (full 4):
 PSYoungGen      total 215552K, used 22383K [0x00000007a0000000, 0x00000007b0180000, 0x00000007c0000000)
  eden space 193024K, 0% used [0x00000007a0000000,0x00000007a0000000,0x00000007abc80000)
  from space 22528K, 99% used [0x00000007ac100000,0x00000007ad6dbc58,0x00000007ad700000)
  to   space 35328K, 0% used [0x00000007adf00000,0x00000007adf00000,0x00000007b0180000)
 ParOldGen       total 274944K, used 42999K [0x0000000760000000, 0x0000000770c80000, 0x00000007a0000000)
  object space 274944K, 15% used [0x0000000760000000,0x00000007629fdc90,0x0000000770c80000)
 Metaspace       used 114904K, capacity 120514K, committed 120664K, reserved 1155072K
  class space    used 14414K, capacity 15429K, committed 15488K, reserved 1048576K
}
Event: 4328.453 GC heap before
{Heap before GC invocations=36 (full 4):
 PSYoungGen      total 215552K, used 215407K [0x00000007a0000000, 0x00000007b0180000, 0x00000007c0000000)
  eden space 193024K, 100% used [0x00000007a0000000,0x00000007abc80000,0x00000007abc80000)
  from space 22528K, 99% used [0x00000007ac100000,0x00000007ad6dbc58,0x00000007ad700000)
  to   space 35328K, 0% used [0x00000007adf00000,0x00000007adf00000,0x00000007b0180000)
 ParOldGen       total 274944K, used 42999K [0x0000000760000000, 0x0000000770c80000, 0x00000007a0000000)
  object space 274944K, 15% used [0x0000000760000000,0x00000007629fdc90,0x0000000770c80000)
 Metaspace       used 116838K, capacity 123344K, committed 123608K, reserved 1157120K
  class space    used 14675K, capacity 15824K, committed 15872K, reserved 1048576K
Event: 4328.479 GC heap after
Heap after GC invocations=36 (full 4):
 PSYoungGen      total 219136K, used 22579K [0x00000007a0000000, 0x00000007afc80000, 0x00000007c0000000)
  eden space 188928K, 0% used [0x00000007a0000000,0x00000007a0000000,0x00000007ab880000)
  from space 30208K, 74% used [0x00000007adf00000,0x00000007af50cd88,0x00000007afc80000)
  to   space 34816K, 0% used [0x00000007ab880000,0x00000007ab880000,0x00000007ada80000)
 ParOldGen       total 274944K, used 43007K [0x0000000760000000, 0x0000000770c80000, 0x00000007a0000000)
  object space 274944K, 15% used [0x0000000760000000,0x00000007629ffc90,0x0000000770c80000)
 Metaspace       used 116838K, capacity 123344K, committed 123608K, reserved 1157120K
  class space    used 14675K, capacity 15824K, committed 15872K, reserved 1048576K
}
Event: 4330.871 GC heap before
{Heap before GC invocations=37 (full 4):
 PSYoungGen      total 219136K, used 211507K [0x00000007a0000000, 0x00000007afc80000, 0x00000007c0000000)
  eden space 188928K, 100% used [0x00000007a0000000,0x00000007ab880000,0x00000007ab880000)
  from space 30208K, 74% used [0x00000007adf00000,0x00000007af50cd88,0x00000007afc80000)
  to   space 34816K, 0% used [0x00000007ab880000,0x00000007ab880000,0x00000007ada80000)
 ParOldGen       total 274944K, used 43007K [0x0000000760000000, 0x0000000770c80000, 0x00000007a0000000)
  object space 274944K, 15% used [0x0000000760000000,0x00000007629ffc90,0x0000000770c80000)
 Metaspace       used 118106K, capacity 124594K, committed 124888K, reserved 1159168K
  class space    used 14849K, capacity 15985K, committed 16128K, reserved 1048576K
Event: 4330.900 GC heap after
Heap after GC invocations=37 (full 4):
 PSYoungGen      total 206336K, used 21010K [0x00000007a0000000, 0x00000007af680000, 0x00000007c0000000)
  eden space 184832K, 0% used [0x00000007a0000000,0x00000007a0000000,0x00000007ab480000)
  from space 21504K, 97% used [0x00000007ab880000,0x00000007acd04880,0x00000007acd80000)
  to   space 33792K, 0% used [0x00000007ad580000,0x00000007ad580000,0x00000007af680000)
 ParOldGen       total 274944K, used 43015K [0x0000000760000000, 0x0000000770c80000, 0x00000007a0000000)
  object space 274944K, 15% used [0x0000000760000000,0x0000000762a01c90,0x0000000770c80000)
 Metaspace       used 118106K, capacity 124594K, committed 124888K, reserved 1159168K
  class space    used 14849K, capacity 15985K, committed 16128K, reserved 1048576K
}
Event: 4338.758 GC heap before
{Heap before GC invocations=38 (full 4):
 PSYoungGen      total 206336K, used 205842K [0x00000007a0000000, 0x00000007af680000, 0x00000007c0000000)
  eden space 184832K, 100% used [0x00000007a0000000,0x00000007ab480000,0x00000007ab480000)
  from space 21504K, 97% used [0x00000007ab880000,0x00000007acd04880,0x00000007acd80000)
  to   space 33792K, 0% used [0x00000007ad580000,0x00000007ad580000,0x00000007af680000)
 ParOldGen       total 274944K, used 43015K [0x0000000760000000, 0x0000000770c80000, 0x00000007a0000000)
  object space 274944K, 15% used [0x0000000760000000,0x0000000762a01c90,0x0000000770c80000)
 Metaspace       used 124871K, capacity 131694K, committed 131800K, reserved 1165312K
  class space    used 15648K, capacity 16849K, committed 16896K, reserved 1048576K
Event: 4338.795 GC heap after
Heap after GC invocations=38 (full 4):
 PSYoungGen      total 214528K, used 30554K [0x00000007a0000000, 0x00000007af780000, 0x00000007c0000000)
  eden space 180736K, 0% used [0x00000007a0000000,0x00000007a0000000,0x00000007ab080000)
  from space 33792K, 90% used [0x00000007ad580000,0x00000007af356bb8,0x00000007af680000)
  to   space 36352K, 0% used [0x00000007ab080000,0x00000007ab080000,0x00000007ad400000)
 ParOldGen       total 274944K, used 43023K [0x0000000760000000, 0x0000000770c80000, 0x00000007a0000000)
  object space 274944K, 15% used [0x0000000760000000,0x0000000762a03c90,0x0000000770c80000)
 Metaspace       used 124871K, capacity 131694K, committed 131800K, reserved 1165312K
  class space    used 15648K, capacity 16849K, committed 16896K, reserved 1048576K
}
Event: 4342.956 GC heap before
{Heap before GC invocations=39 (full 4):
 PSYoungGen      total 214528K, used 211290K [0x00000007a0000000, 0x00000007af780000, 0x00000007c0000000)
  eden space 180736K, 100% used [0x00000007a0000000,0x00000007ab080000,0x00000007ab080000)
  from space 33792K, 90% used [0x00000007ad580000,0x00000007af356bb8,0x00000007af680000)
  to   space 36352K, 0% used [0x00000007ab080000,0x00000007ab080000,0x00000007ad400000)
 ParOldGen       total 274944K, used 43023K [0x0000000760000000, 0x0000000770c80000, 0x00000007a0000000)
  object space 274944K, 15% used [0x0000000760000000,0x0000000762a03c90,0x0000000770c80000)
 Metaspace       used 134634K, capacity 142322K, committed 142680K, reserved 1173504K
  class space    used 16847K, capacity 18147K, committed 18304K, reserved 1048576K
Event: 4342.993 GC heap after
Heap after GC invocations=39 (full 4):
 PSYoungGen      total 217088K, used 34699K [0x00000007a0000000, 0x00000007b1180000, 0x00000007c0000000)
  eden space 180736K, 0% used [0x00000007a0000000,0x00000007a0000000,0x00000007ab080000)
  from space 36352K, 95% used [0x00000007ab080000,0x00000007ad262fe8,0x00000007ad400000)
  to   space 39936K, 0% used [0x00000007aea80000,0x00000007aea80000,0x00000007b1180000)
 ParOldGen       total 274944K, used 43031K [0x0000000760000000, 0x0000000770c80000, 0x00000007a0000000)
  object space 274944K, 15% used [0x0000000760000000,0x0000000762a05c90,0x0000000770c80000)
 Metaspace       used 134634K, capacity 142322K, committed 142680K, reserved 1173504K
  class space    used 16847K, capacity 18147K, committed 18304K, reserved 1048576K
}

